d:\git\nix-mx\build\nix_mx.dir\release\mknix.obj
d:\git\nix-mx\build\nix_mx.dir\release\mkarray.obj
d:\git\nix-mx\build\nix_mx.dir\release\nixtag.obj
d:\git\nix-mx\build\nix_mx.dir\release\nixsource.obj
d:\git\nix-mx\build\nix_mx.dir\release\nixsection.obj
d:\git\nix-mx\build\nix_mx.dir\release\nixproperty.obj
d:\git\nix-mx\build\nix_mx.dir\release\nixmultitag.obj
d:\git\nix-mx\build\nix_mx.dir\release\nixgroup.obj
d:\git\nix-mx\build\nix_mx.dir\release\nixfile.obj
d:\git\nix-mx\build\nix_mx.dir\release\nixfeature.obj
d:\git\nix-mx\build\nix_mx.dir\release\nixdimensions.obj
d:\git\nix-mx\build\nix_mx.dir\release\nixdataarray.obj
d:\git\nix-mx\build\nix_mx.dir\release\nixblock.obj
d:\git\nix-mx\build\nix_mx.dir\release\nix_mx.obj
d:\git\nix-mx\build\cmakefiles\generate.stamp
d:\git\nix-mx\build\nix_mx.dir\release\nix_mx.tlog\cl.command.1.tlog
d:\git\nix-mx\build\nix_mx.dir\release\nix_mx.tlog\cl.read.1.tlog
d:\git\nix-mx\build\nix_mx.dir\release\nix_mx.tlog\cl.write.1.tlog
d:\git\nix-mx\build\nix_mx.dir\release\nix_mx.tlog\custombuild.command.1.tlog
d:\git\nix-mx\build\nix_mx.dir\release\nix_mx.tlog\custombuild.read.1.tlog
d:\git\nix-mx\build\nix_mx.dir\release\nix_mx.tlog\custombuild.write.1.tlog
d:\git\nix-mx\build\nix_mx.dir\release\nix_mx.tlog\link-cvtres.read.1.tlog
d:\git\nix-mx\build\nix_mx.dir\release\nix_mx.tlog\link-cvtres.write.1.tlog
d:\git\nix-mx\build\nix_mx.dir\release\nix_mx.tlog\link-rc.read.1.tlog
d:\git\nix-mx\build\nix_mx.dir\release\nix_mx.tlog\link-rc.write.1.tlog
d:\git\nix-mx\build\nix_mx.dir\release\nix_mx.tlog\link.command.1.tlog
d:\git\nix-mx\build\nix_mx.dir\release\nix_mx.tlog\link.read.1.tlog
d:\git\nix-mx\build\nix_mx.dir\release\nix_mx.tlog\link.write.1.tlog
